-------------------------------------------------------------------------------
Test set: sort.SortPreferenceTest
-------------------------------------------------------------------------------
Tests run: 4, Failures: 0, Errors: 4, Skipped: 0, Time elapsed: 0.006 s <<< FAILURE! -- in sort.SortPreferenceTest
sort.SortPreferenceTest.apply_doesNotMutateInput_returnsNewList -- Time elapsed: 0.001 s <<< ERROR!
java.lang.Error: 
Unresolved compilation problems: 
	The declared package "com.notes.sort" does not match the expected package "sort"
	SortPreference cannot be resolved to a type
	SortOrder cannot be resolved to a variable
	The method stream() is undefined for the type Object
	SortPreference cannot be resolved to a type
	SortOrder cannot be resolved to a variable
	The method stream() is undefined for the type Object
	SortPreference cannot be resolved to a type
	SortOrder cannot be resolved to a variable
	The method stream() is undefined for the type Object
	SortPreference cannot be resolved to a type
	SortOrder cannot be resolved to a variable

	at sort.SortPreferenceTest.<init>(SortPreferenceTest.java:1)
	at java.base/java.lang.reflect.Constructor.newInstanceWithCaller(Constructor.java:502)
	at java.base/java.lang.reflect.Constructor.newInstance(Constructor.java:486)
	at java.base/java.util.Optional.orElseGet(Optional.java:364)
	at java.base/java.util.ArrayList.forEach(ArrayList.java:1596)
	at java.base/java.util.ArrayList.forEach(ArrayList.java:1596)

sort.SortPreferenceTest.apply_titleAZ_sortsAlphabetically -- Time elapsed: 0 s <<< ERROR!
java.lang.Error: 
Unresolved compilation problems: 
	The declared package "com.notes.sort" does not match the expected package "sort"
	SortPreference cannot be resolved to a type
	SortOrder cannot be resolved to a variable
	The method stream() is undefined for the type Object
	SortPreference cannot be resolved to a type
	SortOrder cannot be resolved to a variable
	The method stream() is undefined for the type Object
	SortPreference cannot be resolved to a type
	SortOrder cannot be resolved to a variable
	The method stream() is undefined for the type Object
	SortPreference cannot be resolved to a type
	SortOrder cannot be resolved to a variable

	at sort.SortPreferenceTest.<init>(SortPreferenceTest.java:1)
	at java.base/java.lang.reflect.Constructor.newInstanceWithCaller(Constructor.java:502)
	at java.base/java.lang.reflect.Constructor.newInstance(Constructor.java:486)
	at java.base/java.util.Optional.orElseGet(Optional.java:364)
	at java.base/java.util.ArrayList.forEach(ArrayList.java:1596)
	at java.base/java.util.ArrayList.forEach(ArrayList.java:1596)

sort.SortPreferenceTest.apply_lastModified_sortsByUpdatedDescending -- Time elapsed: 0.001 s <<< ERROR!
java.lang.Error: 
Unresolved compilation problems: 
	The declared package "com.notes.sort" does not match the expected package "sort"
	SortPreference cannot be resolved to a type
	SortOrder cannot be resolved to a variable
	The method stream() is undefined for the type Object
	SortPreference cannot be resolved to a type
	SortOrder cannot be resolved to a variable
	The method stream() is undefined for the type Object
	SortPreference cannot be resolved to a type
	SortOrder cannot be resolved to a variable
	The method stream() is undefined for the type Object
	SortPreference cannot be resolved to a type
	SortOrder cannot be resolved to a variable

	at sort.SortPreferenceTest.<init>(SortPreferenceTest.java:1)
	at java.base/java.lang.reflect.Constructor.newInstanceWithCaller(Constructor.java:502)
	at java.base/java.lang.reflect.Constructor.newInstance(Constructor.java:486)
	at java.base/java.util.Optional.orElseGet(Optional.java:364)
	at java.base/java.util.ArrayList.forEach(ArrayList.java:1596)
	at java.base/java.util.ArrayList.forEach(ArrayList.java:1596)

sort.SortPreferenceTest.apply_createdDate_sortsByCreatedDescending -- Time elapsed: 0 s <<< ERROR!
java.lang.Error: 
Unresolved compilation problems: 
	The declared package "com.notes.sort" does not match the expected package "sort"
	SortPreference cannot be resolved to a type
	SortOrder cannot be resolved to a variable
	The method stream() is undefined for the type Object
	SortPreference cannot be resolved to a type
	SortOrder cannot be resolved to a variable
	The method stream() is undefined for the type Object
	SortPreference cannot be resolved to a type
	SortOrder cannot be resolved to a variable
	The method stream() is undefined for the type Object
	SortPreference cannot be resolved to a type
	SortOrder cannot be resolved to a variable

	at sort.SortPreferenceTest.<init>(SortPreferenceTest.java:1)
	at java.base/java.lang.reflect.Constructor.newInstanceWithCaller(Constructor.java:502)
	at java.base/java.lang.reflect.Constructor.newInstance(Constructor.java:486)
	at java.base/java.util.Optional.orElseGet(Optional.java:364)
	at java.base/java.util.ArrayList.forEach(ArrayList.java:1596)
	at java.base/java.util.ArrayList.forEach(ArrayList.java:1596)

